<?xml version="1.0" encoding="UTF-8"?>
<!-- Generated by org.testng.reporters.JUnitReportReporter -->
<testsuite hostname="DN1-HOANGLH" failures="0" tests="8" name="testcases.RunForGrid.RunAll" time="32.475" errors="0" timestamp="16 May 2022 08:05:47 GMT" skipped="0">
  <testcase classname="testcases.RunForGrid.RunAll" name="TC_03_Edit" time="0.000"/>
  <testcase classname="testcases.RunForGrid.RunAll" name="TC_01_Register" time="11.089"/>
  <testcase classname="testcases.RunForGrid.RunAll" name="TC_03_Edit" time="0.000"/>
  <testcase classname="testcases.RunForGrid.RunAll" name="TC_02_Login" time="5.521"/>
  <testcase classname="testcases.RunForGrid.RunAll" name="TC_04_Delete" time="0.000"/>
  <testcase classname="testcases.RunForGrid.RunAll" name="TC_01_Register" time="9.538"/>
  <testcase classname="testcases.RunForGrid.RunAll" name="TC_02_Login" time="6.327"/>
  <testcase classname="testcases.RunForGrid.RunAll" name="TC_04_Delete" time="0.000"/>
</testsuite> <!-- testcases.RunForGrid.RunAll -->
